[22:50:31] [ServerMain/INFO]: [bootstrap] Running Java 21 (OpenJDK 64-Bit Server VM 21.0.9+10-Ubuntu-124.04; Ubuntu null) on Linux 6.8.0-1030-azure (amd64)
[22:50:31] [ServerMain/INFO]: [bootstrap] Loading Paper 1.21.11-99-main@81b9122 (2026-01-20T19:08:30Z) for Minecraft 1.21.11
[22:50:31] [ServerMain/INFO]: [PluginInitializerManager] Initializing plugins...
[22:50:31] [ServerMain/INFO]: [PluginInitializerManager] Initialized 6 plugins
[22:50:31] [ServerMain/INFO]: [PluginInitializerManager] Bukkit plugins (6):
 - Chunky (1.4.40), Geyser-Spigot (2.9.2-SNAPSHOT), SkinsRestorer (15.9.3), ViaBackwards (5.7.1), ViaVersion (5.7.1), floodgate (2.2.5-SNAPSHOT (b125-a772911))
[22:50:37] [ServerMain/INFO]: Environment: Environment[sessionHost=https://sessionserver.mojang.com, servicesHost=https://api.minecraftservices.com, profilesHost=https://api.mojang.com, name=PROD]
[22:50:38] [ServerMain/INFO]: Found new data pack file/bukkit, loading it automatically
[22:50:38] [ServerMain/INFO]: Found new data pack paper, loading it automatically
[22:50:38] [ServerMain/INFO]: No existing world data, creating new world
[22:50:39] [ServerMain/INFO]: Loaded 1470 recipes
[22:50:39] [ServerMain/INFO]: Loaded 1584 advancements
[22:50:40] [ServerMain/INFO]: [ca.spottedleaf.dataconverter.minecraft.datatypes.MCTypeRegistry] Initialising converters for DataConverter...
[22:50:40] [ServerMain/INFO]: [ca.spottedleaf.dataconverter.minecraft.datatypes.MCTypeRegistry] Finished initialising converters for DataConverter in 423.0ms
[22:50:40] [Server thread/INFO]: Starting minecraft server version 1.21.11
[22:50:40] [Server thread/INFO]: Loading properties
[22:50:40] [Server thread/INFO]: This server is running Paper version 1.21.11-99-main@81b9122 (2026-01-20T19:08:30Z) (Implementing API version 1.21.11-R0.1-SNAPSHOT)
[22:50:40] [Server thread/INFO]: [spark] This server bundles the spark profiler. For more information please visit https://docs.papermc.io/paper/profiling
[22:50:40] [Server thread/INFO]: Server Ping Player Sample Count: 12
[22:50:40] [Server thread/INFO]: Using 4 threads for Netty based IO
[22:50:41] [Server thread/INFO]: [MoonriseCommon] Paper is using 1 worker threads, 1 I/O threads
[22:50:41] [Server thread/INFO]: Default game type: SURVIVAL
[22:50:41] [Server thread/INFO]: Generating keypair
[22:50:42] [Server thread/INFO]: Starting Minecraft server on *:25565
[22:50:42] [Server thread/INFO]: Paper: Using libdeflate (Linux x86_64) compression from Velocity.
[22:50:42] [Server thread/INFO]: Paper: Using OpenSSL 3.x.x (Linux x86_64) cipher from Velocity.
[22:50:42] [Server thread/INFO]: [ViaVersion] Loading server plugin ViaVersion v5.7.1
[22:50:42] [Server thread/INFO]: [ViaVersion] ViaVersion 5.7.1 is now loaded. Registering protocol transformers and injecting...
[22:50:43] [Via-Mappingloader-1/INFO]: [ViaVersion] Loading block connection mappings ...
[22:50:43] [Via-Mappingloader-1/INFO]: [ViaVersion] Using FastUtil Long2ObjectOpenHashMap for block connections
[22:50:43] [Server thread/INFO]: [ViaBackwards] Loading translations...
[22:50:43] [Server thread/INFO]: [ViaBackwards] Registering protocols...
[22:50:44] [Server thread/INFO]: [floodgate] Loading server plugin floodgate v2.2.5-SNAPSHOT (b125-a772911)
[22:50:45] [Server thread/WARN]: [floodgate] en_ is not a supported Floodgate language.
[22:50:45] [Server thread/INFO]: [floodgate] Took 600ms to boot Floodgate
[22:50:45] [Server thread/INFO]: [ViaBackwards] Loading server plugin ViaBackwards v5.7.1
[22:50:45] [Server thread/INFO]: [SkinsRestorer] Loading server plugin SkinsRestorer v15.9.3
[22:50:45] [Server thread/INFO]: [Chunky] Loading server plugin Chunky v1.4.40
[22:50:45] [Server thread/INFO]: [Geyser-Spigot] Loading server plugin Geyser-Spigot v2.9.2-SNAPSHOT
[22:50:45] [Server thread/INFO]: [Geyser-Spigot] Loading extensions...
[22:50:45] [Server thread/INFO]: [Geyser-Spigot] Loaded 0 extension(s)
[22:50:45] [Server thread/INFO]: Server permissions file permissions.yml is empty, ignoring it
[22:50:45] [Server thread/INFO]: [SkinsRestorer] Enabling SkinsRestorer v15.9.3
[22:50:46] [Server thread/INFO]: [SkinsRestorer] Running on Minecraft 1.21.11.
[22:50:46] [Server thread/INFO]: [SkinsRestorer] Floodgate skin listener registered
[22:50:46] [Server thread/INFO]: [SkinsRestorer] Using paper join listener!
[22:50:46] [Server thread/WARN]: **** SERVER IS RUNNING IN OFFLINE/INSECURE MODE!
[22:50:46] [Server thread/WARN]: The server will make no attempt to authenticate usernames. Beware.
[22:50:46] [Server thread/WARN]: While this makes the game possible to play without internet access, it also opens up the ability for hackers to connect with any username they choose.
[22:50:46] [Server thread/WARN]: To change this, set "online-mode" to "true" in the server.properties file.
[22:50:46] [Server thread/INFO]: Preparing level "world"
[22:50:46] [Server thread/INFO]: [ca.spottedleaf.moonrise.common.util.MoonriseConstants] NUMA enable flag is not set; however there is NUMA interaction support for this OS.
[22:50:46] [Server thread/INFO]: [ca.spottedleaf.moonrise.common.util.MoonriseConstants] Detected 1 NUMA nodes.
[22:50:46] [Folia Async Scheduler Thread #1/INFO]: [SkinsRestorer] ----------------------------------------------
[22:50:46] [Folia Async Scheduler Thread #1/INFO]: [SkinsRestorer]     +==================+
[22:50:46] [Folia Async Scheduler Thread #1/INFO]: [SkinsRestorer]     |   SkinsRestorer  |
[22:50:46] [Folia Async Scheduler Thread #1/INFO]: [SkinsRestorer]     |------------------|
[22:50:46] [Folia Async Scheduler Thread #1/INFO]: [SkinsRestorer]     |  Standalone Mode |
[22:50:46] [Folia Async Scheduler Thread #1/INFO]: [SkinsRestorer]     +==================+
[22:50:46] [Folia Async Scheduler Thread #1/INFO]: [SkinsRestorer] ----------------------------------------------
[22:50:46] [Folia Async Scheduler Thread #1/INFO]: [SkinsRestorer]     Version: 15.9.3
[22:50:46] [Folia Async Scheduler Thread #1/INFO]: [SkinsRestorer]     Commit: 989bf18
[22:50:46] [Folia Async Scheduler Thread #1/INFO]: [SkinsRestorer]     This is the latest version!
[22:50:46] [Folia Async Scheduler Thread #1/INFO]: [SkinsRestorer] ----------------------------------------------
[22:50:46] [Folia Async Scheduler Thread #1/INFO]: [SkinsRestorer] Do you have issues? Read our troubleshooting guide: https://skinsrestorer.net/docs/troubleshooting
[22:50:46] [Folia Async Scheduler Thread #1/INFO]: [SkinsRestorer] Want to support SkinsRestorer? Consider donating: https://skinsrestorer.net/donate
[22:50:47] [Server thread/INFO]: Selecting spawn point for world 'minecraft:overworld'...
[22:50:55] [Server thread/INFO]: Loading 0 persistent chunks for world 'minecraft:overworld'...
[22:50:55] [Server thread/INFO]: Preparing spawn area: 100%
[22:50:55] [Server thread/INFO]: Prepared spawn area in 7997 ms
[22:50:55] [Server thread/INFO]: Loading 0 persistent chunks for world 'minecraft:the_nether'...
[22:50:55] [Server thread/INFO]: Prepared spawn area in 1 ms
[22:50:55] [Server thread/INFO]: Loading 0 persistent chunks for world 'minecraft:the_end'...
[22:50:55] [Server thread/INFO]: Prepared spawn area in 1 ms
[22:50:55] [Server thread/INFO]: Done preparing level "world" (8.377s)
[22:50:55] [Server thread/INFO]: [ViaVersion] Enabling ViaVersion v5.7.1
[22:50:55] [Server thread/INFO]: [ViaVersion] ViaVersion detected server version: 1.21.11 (774)
[22:50:55] [Server thread/INFO]: [floodgate] Enabling floodgate v2.2.5-SNAPSHOT (b125-a772911)
[22:50:55] [Server thread/INFO]: [ViaBackwards] Enabling ViaBackwards v5.7.1
[22:50:55] [Server thread/INFO]: [Chunky] Enabling Chunky v1.4.40
[22:50:55] [Server thread/INFO]: [Geyser-Spigot] Enabling Geyser-Spigot v2.9.2-SNAPSHOT
[22:50:56] [Server thread/INFO]: [spark] Starting background profiler...
[22:50:57] [Server thread/INFO]: [Geyser-Spigot] ******************************************
[22:50:57] [Server thread/INFO]: [Geyser-Spigot] 
[22:50:57] [Server thread/INFO]: [Geyser-Spigot] Loading Geyser version 2.9.2-b1015 (git-master-3332528)
[22:50:57] [Server thread/INFO]: [Geyser-Spigot] 
[22:50:57] [Server thread/INFO]: [Geyser-Spigot] ******************************************
[22:51:00] [GeyserServer-3-1/INFO]: [Geyser-Spigot] Started Geyser on UDP port 5569
[22:51:00] [Server thread/INFO]: [Geyser-Spigot] Done (2.901s)! Run /geyser help for help!
[22:51:00] [Server thread/INFO]: Running delayed init tasks
[22:51:00] [Server thread/INFO]: Done (29.964s)! For help, type "help"
[22:51:00] [Craft Scheduler Thread - 2 - ViaVersion/INFO]: [ViaVersion] Finished mapping loading, shutting down loader executor.
[22:51:00] [Paper Async Task Handler Thread - 1/INFO]: *** Currently you are 1 build(s) behind ***
[22:51:00] [Paper Async Task Handler Thread - 1/INFO]: *** It is highly recommended to download the latest build from https://papermc.io/downloads/paper ***
[22:51:39] [Server thread/INFO]: Stopping the server
[22:51:39] [Server thread/INFO]: Stopping server
[22:51:39] [Server thread/INFO]: [Geyser-Spigot] Disabling Geyser-Spigot v2.9.2-SNAPSHOT
[22:51:39] [Server thread/INFO]: [Geyser-Spigot] Shutting down Geyser.
[22:51:39] [Server thread/INFO]: [Geyser-Spigot] Geyser shutdown successfully.
[22:51:39] [Server thread/INFO]: [Chunky] Disabling Chunky v1.4.40
[22:51:39] [Server thread/INFO]: [SkinsRestorer] Disabling SkinsRestorer v15.9.3
[22:51:39] [Server thread/INFO]: [ViaBackwards] Disabling ViaBackwards v5.7.1
[22:51:39] [Server thread/INFO]: [floodgate] Disabling floodgate v2.2.5-SNAPSHOT (b125-a772911)
[22:51:39] [Server thread/INFO]: [ViaVersion] Disabling ViaVersion v5.7.1
[22:51:39] [Server thread/INFO]: [ViaVersion] ViaVersion has been disabled; uninjected the platform and shut down the scheduler.
[22:51:39] [Server thread/INFO]: Saving players
[22:51:39] [Server thread/INFO]: Saving worlds
[22:51:39] [Server thread/INFO]: Saving chunks for level 'ServerLevel[world]'/minecraft:overworld
[22:51:39] [Server thread/INFO]: [ChunkHolderManager] Waiting 60s for chunk system to halt for world 'world'
[22:51:39] [Server thread/INFO]: [ChunkHolderManager] Halted chunk system for world 'world'
[22:51:39] [Server thread/INFO]: [ChunkHolderManager] Saving all chunkholders for world 'world'
[22:51:39] [Server thread/INFO]: [ChunkHolderManager] Saved 0 block chunks, 0 entity chunks, 0 poi chunks in world 'world' in 0.00s
[22:51:39] [Server thread/INFO]: [ChunkHolderManager] Waiting 60s for chunk I/O to halt for world 'world'
[22:51:39] [Server thread/INFO]: [ChunkHolderManager] Halted I/O scheduler for world 'world'
[22:51:39] [Server thread/INFO]: Saving chunks for level 'ServerLevel[world_nether]'/minecraft:the_nether
[22:51:39] [Server thread/INFO]: [ChunkHolderManager] Waiting 60s for chunk system to halt for world 'world_nether'
[22:51:39] [Server thread/INFO]: [ChunkHolderManager] Halted chunk system for world 'world_nether'
[22:51:39] [Server thread/INFO]: [ChunkHolderManager] Saving all chunkholders for world 'world_nether'
[22:51:39] [Server thread/INFO]: [ChunkHolderManager] Saved 0 block chunks, 0 entity chunks, 0 poi chunks in world 'world_nether' in 0.00s
[22:51:39] [Server thread/INFO]: [ChunkHolderManager] Waiting 60s for chunk I/O to halt for world 'world_nether'
[22:51:39] [Server thread/INFO]: [ChunkHolderManager] Halted I/O scheduler for world 'world_nether'
[22:51:39] [WebSocketConnectReadThread-91/INFO]: [Geyser-Spigot] The skin uploader has been closed
[22:51:39] [Server thread/INFO]: Saving chunks for level 'ServerLevel[world_the_end]'/minecraft:the_end
[22:51:39] [Server thread/INFO]: [ChunkHolderManager] Waiting 60s for chunk system to halt for world 'world_the_end'
[22:51:39] [Server thread/INFO]: [ChunkHolderManager] Halted chunk system for world 'world_the_end'
[22:51:39] [Server thread/INFO]: [ChunkHolderManager] Saving all chunkholders for world 'world_the_end'
[22:51:39] [Server thread/INFO]: [ChunkHolderManager] Saved 0 block chunks, 0 entity chunks, 0 poi chunks in world 'world_the_end' in 0.00s
[22:51:39] [Server thread/INFO]: [ChunkHolderManager] Waiting 60s for chunk I/O to halt for world 'world_the_end'
[22:51:39] [Server thread/INFO]: [ChunkHolderManager] Halted I/O scheduler for world 'world_the_end'
[22:51:39] [Server thread/INFO]: ThreadedAnvilChunkStorage (world): All chunks are saved
[22:51:39] [Server thread/INFO]: ThreadedAnvilChunkStorage (DIM-1): All chunks are saved
[22:51:39] [Server thread/INFO]: ThreadedAnvilChunkStorage (DIM1): All chunks are saved
[22:51:39] [Server thread/INFO]: ThreadedAnvilChunkStorage: All dimensions are saved
[22:51:39] [Server thread/INFO]: Waiting for all RegionFile I/O tasks to complete...
[22:51:39] [Server thread/INFO]: All RegionFile I/O tasks to complete
[22:51:39] [Server thread/INFO]: [MoonriseCommon] Awaiting termination of worker pool for up to 60s...
[22:51:39] [Server thread/INFO]: [MoonriseCommon] Awaiting termination of I/O pool for up to 60s...
